2016-08-21T16:54:24+00:00 NOTICE (5): Untranslated message within 'en': 
2016-08-21T16:54:24+00:00 NOTICE (5): Untranslated message within 'en': 
2016-08-21T16:54:24+00:00 NOTICE (5): Untranslated message within 'en': 
2016-08-21T16:54:26+00:00 NOTICE (5): Untranslated message within 'en': 
2016-08-21T16:54:26+00:00 NOTICE (5): Untranslated message within 'en': pagetitle-core-index-admin-index
2016-08-21T16:54:26+00:00 NOTICE (5): Untranslated message within 'en': 
2016-08-21T16:54:26+00:00 NOTICE (5): Untranslated message within 'en': 
2016-08-21T16:54:26+00:00 NOTICE (5): Untranslated message within 'en': Twitter Integration
2016-08-21T16:54:26+00:00 NOTICE (5): Untranslated message within 'en': Janrain Integration
2016-08-21T16:54:26+00:00 NOTICE (5): Untranslated message within 'en': Storage System
2016-08-21T16:54:26+00:00 NOTICE (5): Untranslated message within 'en': YouNet Core
2016-08-21T16:54:26+00:00 NOTICE (5): Untranslated message within 'en': YN - Responsive
2016-08-21T16:54:26+00:00 NOTICE (5): Untranslated message within 'en': SE Affiliate Program
2016-08-21T16:54:26+00:00 NOTICE (5): Untranslated message within 'en': VigLink
2016-08-21T16:54:26+00:00 NOTICE (5): Untranslated message within 'en': 
2016-08-21T16:54:26+00:00 NOTICE (5): Untranslated message within 'en': Twitter Integration
2016-08-21T16:54:26+00:00 NOTICE (5): Untranslated message within 'en': Janrain Integration
2016-08-21T16:54:26+00:00 NOTICE (5): Untranslated message within 'en': Storage System
2016-08-21T16:54:26+00:00 NOTICE (5): Untranslated message within 'en': YouNet Core
2016-08-21T16:54:26+00:00 NOTICE (5): Untranslated message within 'en': YN - Responsive
2016-08-21T16:54:26+00:00 NOTICE (5): Untranslated message within 'en': SE Affiliate Program
2016-08-21T16:54:26+00:00 NOTICE (5): Untranslated message within 'en': VigLink
2016-08-21T16:54:26+00:00 NOTICE (5): Untranslated message within 'en': 
2016-08-21T18:24:46+00:00 NOTICE (5): Untranslated message within 'en': 
2016-08-21T18:24:46+00:00 NOTICE (5): Untranslated message within 'en': 
2016-08-21T18:24:46+00:00 NOTICE (5): Untranslated message within 'en': 
2016-08-21T18:24:48+00:00 NOTICE (5): Untranslated message within 'en': 
2016-08-21T18:24:48+00:00 NOTICE (5): Untranslated message within 'en': pagetitle-core-index-admin-index
2016-08-21T18:24:48+00:00 NOTICE (5): Untranslated message within 'en': 
2016-08-21T18:24:48+00:00 NOTICE (5): Untranslated message within 'en': 
2016-08-21T18:24:48+00:00 NOTICE (5): Untranslated message within 'en': Twitter Integration
2016-08-21T18:24:48+00:00 NOTICE (5): Untranslated message within 'en': Janrain Integration
2016-08-21T18:24:48+00:00 NOTICE (5): Untranslated message within 'en': Storage System
2016-08-21T18:24:48+00:00 NOTICE (5): Untranslated message within 'en': YouNet Core
2016-08-21T18:24:48+00:00 NOTICE (5): Untranslated message within 'en': Adv Menu System
2016-08-21T18:24:48+00:00 NOTICE (5): Untranslated message within 'en': YN - Responsive
2016-08-21T18:24:48+00:00 NOTICE (5): Untranslated message within 'en': YN Listings
2016-08-21T18:24:48+00:00 NOTICE (5): Untranslated message within 'en': SE Affiliate Program
2016-08-21T18:24:48+00:00 NOTICE (5): Untranslated message within 'en': VigLink
2016-08-21T18:24:48+00:00 NOTICE (5): Untranslated message within 'en': 
2016-08-21T18:24:48+00:00 NOTICE (5): Untranslated message within 'en': Twitter Integration
2016-08-21T18:24:48+00:00 NOTICE (5): Untranslated message within 'en': Janrain Integration
2016-08-21T18:24:48+00:00 NOTICE (5): Untranslated message within 'en': Storage System
2016-08-21T18:24:48+00:00 NOTICE (5): Untranslated message within 'en': YouNet Core
2016-08-21T18:24:48+00:00 NOTICE (5): Untranslated message within 'en': Adv Menu System
2016-08-21T18:24:48+00:00 NOTICE (5): Untranslated message within 'en': YN - Responsive
2016-08-21T18:24:48+00:00 NOTICE (5): Untranslated message within 'en': YN Listings
2016-08-21T18:24:48+00:00 NOTICE (5): Untranslated message within 'en': SE Affiliate Program
2016-08-21T18:24:48+00:00 NOTICE (5): Untranslated message within 'en': VigLink
2016-08-21T18:24:48+00:00 NOTICE (5): Untranslated message within 'en': 
